<?xml version="1.0" encoding="UTF-8"?>
<!-- Generated by org.testng.reporters.JUnitXMLReporter -->
<testsuite hostname="C83160" name="PegaEFOTest" tests="3" failures="2" timestamp="2 Nov 2017 02:04:37 GMT" time="5.25" errors="0">
  <testcase name="Login2" time="0.008" classname="testScripts.VerifyLoginPage"/>
  <testcase name="Login3" time="0.002" classname="testScripts.VerifyLoginPage">
    <failure type="java.lang.AssertionError" message="expected [true] but found [false]">
      <![CDATA[java.lang.AssertionError: expected [true] but found [false]
	at testScripts.VerifyLoginPage.Login3(VerifyLoginPage.java:44)
... Removed 28 stack frames]]>
    </failure>
  </testcase> <!-- Login3 -->
  <testcase name="PegaEFOLogin" time="0.003" classname="testScripts.VerifyLoginPage">
    <failure type="java.lang.NullPointerException">
      <![CDATA[java.lang.NullPointerException
	at testScripts.VerifyLoginPage.PegaEFOLogin(VerifyLoginPage.java:18)
... Removed 24 stack frames]]>
    </failure>
  </testcase> <!-- PegaEFOLogin -->
</testsuite> <!-- PegaEFOTest -->
